::1 - - [05/Feb/2016:06:49:53 +0000] "GET /projects HTTP/1.1" 304 - "-" "Mozilla/5.0 (Macintosh; Intel Mac OS X 10_10_5) AppleWebKit/537.36 (KHTML, like Gecko) Chrome/48.0.2564.97 Safari/537.36"
::1 - - [05/Feb/2016:06:49:53 +0000] "GET /stylesheets/style.css HTTP/1.1" 304 - "http://localhost:3000/projects" "Mozilla/5.0 (Macintosh; Intel Mac OS X 10_10_5) AppleWebKit/537.36 (KHTML, like Gecko) Chrome/48.0.2564.97 Safari/537.36"
::1 - - [05/Feb/2016:06:49:53 +0000] "GET /javascripts/browsing.js HTTP/1.1" 304 - "http://localhost:3000/projects" "Mozilla/5.0 (Macintosh; Intel Mac OS X 10_10_5) AppleWebKit/537.36 (KHTML, like Gecko) Chrome/48.0.2564.97 Safari/537.36"
::1 - - [05/Feb/2016:13:49:49 +0000] "GET / HTTP/1.1" 304 - "-" "Mozilla/5.0 (Macintosh; Intel Mac OS X 10_10_5) AppleWebKit/537.36 (KHTML, like Gecko) Chrome/48.0.2564.97 Safari/537.36"
::1 - - [05/Feb/2016:13:49:49 +0000] "GET /stylesheets/style.css HTTP/1.1" 304 - "http://localhost:3000/" "Mozilla/5.0 (Macintosh; Intel Mac OS X 10_10_5) AppleWebKit/537.36 (KHTML, like Gecko) Chrome/48.0.2564.97 Safari/537.36"
::1 - - [05/Feb/2016:13:49:49 +0000] "GET /images/name.png HTTP/1.1" 304 - "http://localhost:3000/" "Mozilla/5.0 (Macintosh; Intel Mac OS X 10_10_5) AppleWebKit/537.36 (KHTML, like Gecko) Chrome/48.0.2564.97 Safari/537.36"
::1 - - [05/Feb/2016:13:49:49 +0000] "GET /javascripts/browsing.js HTTP/1.1" 304 - "http://localhost:3000/" "Mozilla/5.0 (Macintosh; Intel Mac OS X 10_10_5) AppleWebKit/537.36 (KHTML, like Gecko) Chrome/48.0.2564.97 Safari/537.36"
::1 - - [08/Feb/2016:12:46:19 +0000] "GET / HTTP/1.1" 200 720 "-" "Mozilla/5.0 (Macintosh; Intel Mac OS X 10_10_5) AppleWebKit/537.36 (KHTML, like Gecko) Chrome/48.0.2564.103 Safari/537.36"
::1 - - [08/Feb/2016:12:46:19 +0000] "GET /stylesheets/style.css HTTP/1.1" 200 2021 "http://localhost:3000/" "Mozilla/5.0 (Macintosh; Intel Mac OS X 10_10_5) AppleWebKit/537.36 (KHTML, like Gecko) Chrome/48.0.2564.103 Safari/537.36"
::1 - - [08/Feb/2016:12:46:19 +0000] "GET /images/name.png HTTP/1.1" 200 8082 "http://localhost:3000/" "Mozilla/5.0 (Macintosh; Intel Mac OS X 10_10_5) AppleWebKit/537.36 (KHTML, like Gecko) Chrome/48.0.2564.103 Safari/537.36"
::1 - - [08/Feb/2016:12:46:19 +0000] "GET /javascripts/browsing.js HTTP/1.1" 200 54 "http://localhost:3000/" "Mozilla/5.0 (Macintosh; Intel Mac OS X 10_10_5) AppleWebKit/537.36 (KHTML, like Gecko) Chrome/48.0.2564.103 Safari/537.36"
::1 - - [08/Feb/2016:12:46:22 +0000] "GET /projects HTTP/1.1" 500 2096 "-" "Mozilla/5.0 (Macintosh; Intel Mac OS X 10_10_5) AppleWebKit/537.36 (KHTML, like Gecko) Chrome/48.0.2564.103 Safari/537.36"
::1 - - [08/Feb/2016:12:46:22 +0000] "GET /stylesheets/style.css HTTP/1.1" 304 - "http://localhost:3000/projects" "Mozilla/5.0 (Macintosh; Intel Mac OS X 10_10_5) AppleWebKit/537.36 (KHTML, like Gecko) Chrome/48.0.2564.103 Safari/537.36"
::1 - - [08/Feb/2016:12:46:22 +0000] "GET /javascripts/browsing.js HTTP/1.1" 304 - "http://localhost:3000/projects" "Mozilla/5.0 (Macintosh; Intel Mac OS X 10_10_5) AppleWebKit/537.36 (KHTML, like Gecko) Chrome/48.0.2564.103 Safari/537.36"
::1 - - [08/Feb/2016:12:46:36 +0000] "GET /projects HTTP/1.1" 500 2110 "-" "Mozilla/5.0 (Macintosh; Intel Mac OS X 10_10_5) AppleWebKit/537.36 (KHTML, like Gecko) Chrome/48.0.2564.103 Safari/537.36"
::1 - - [08/Feb/2016:12:46:36 +0000] "GET /stylesheets/style.css HTTP/1.1" 304 - "http://localhost:3000/projects" "Mozilla/5.0 (Macintosh; Intel Mac OS X 10_10_5) AppleWebKit/537.36 (KHTML, like Gecko) Chrome/48.0.2564.103 Safari/537.36"
::1 - - [08/Feb/2016:12:46:36 +0000] "GET /javascripts/browsing.js HTTP/1.1" 304 - "http://localhost:3000/projects" "Mozilla/5.0 (Macintosh; Intel Mac OS X 10_10_5) AppleWebKit/537.36 (KHTML, like Gecko) Chrome/48.0.2564.103 Safari/537.36"
::1 - - [08/Feb/2016:12:47:59 +0000] "GET /projects HTTP/1.1" 200 851 "-" "Mozilla/5.0 (Macintosh; Intel Mac OS X 10_10_5) AppleWebKit/537.36 (KHTML, like Gecko) Chrome/48.0.2564.103 Safari/537.36"
::1 - - [08/Feb/2016:12:47:59 +0000] "GET /stylesheets/style.css HTTP/1.1" 304 - "http://localhost:3000/projects" "Mozilla/5.0 (Macintosh; Intel Mac OS X 10_10_5) AppleWebKit/537.36 (KHTML, like Gecko) Chrome/48.0.2564.103 Safari/537.36"
::1 - - [08/Feb/2016:12:47:59 +0000] "GET /javascripts/browsing.js HTTP/1.1" 304 - "http://localhost:3000/projects" "Mozilla/5.0 (Macintosh; Intel Mac OS X 10_10_5) AppleWebKit/537.36 (KHTML, like Gecko) Chrome/48.0.2564.103 Safari/537.36"
::1 - - [08/Feb/2016:12:48:57 +0000] "GET /projects HTTP/1.1" 500 2489 "-" "Mozilla/5.0 (Macintosh; Intel Mac OS X 10_10_5) AppleWebKit/537.36 (KHTML, like Gecko) Chrome/48.0.2564.103 Safari/537.36"
::1 - - [08/Feb/2016:12:48:57 +0000] "GET /stylesheets/style.css HTTP/1.1" 304 - "http://localhost:3000/projects" "Mozilla/5.0 (Macintosh; Intel Mac OS X 10_10_5) AppleWebKit/537.36 (KHTML, like Gecko) Chrome/48.0.2564.103 Safari/537.36"
::1 - - [08/Feb/2016:12:48:57 +0000] "GET /javascripts/browsing.js HTTP/1.1" 304 - "http://localhost:3000/projects" "Mozilla/5.0 (Macintosh; Intel Mac OS X 10_10_5) AppleWebKit/537.36 (KHTML, like Gecko) Chrome/48.0.2564.103 Safari/537.36"
::1 - - [08/Feb/2016:12:49:24 +0000] "GET /projects HTTP/1.1" 500 2092 "-" "Mozilla/5.0 (Macintosh; Intel Mac OS X 10_10_5) AppleWebKit/537.36 (KHTML, like Gecko) Chrome/48.0.2564.103 Safari/537.36"
::1 - - [08/Feb/2016:12:49:24 +0000] "GET /stylesheets/style.css HTTP/1.1" 304 - "http://localhost:3000/projects" "Mozilla/5.0 (Macintosh; Intel Mac OS X 10_10_5) AppleWebKit/537.36 (KHTML, like Gecko) Chrome/48.0.2564.103 Safari/537.36"
::1 - - [08/Feb/2016:12:49:24 +0000] "GET /javascripts/browsing.js HTTP/1.1" 304 - "http://localhost:3000/projects" "Mozilla/5.0 (Macintosh; Intel Mac OS X 10_10_5) AppleWebKit/537.36 (KHTML, like Gecko) Chrome/48.0.2564.103 Safari/537.36"
::1 - - [08/Feb/2016:12:51:33 +0000] "GET /projects HTTP/1.1" 500 2489 "-" "Mozilla/5.0 (Macintosh; Intel Mac OS X 10_10_5) AppleWebKit/537.36 (KHTML, like Gecko) Chrome/48.0.2564.103 Safari/537.36"
::1 - - [08/Feb/2016:12:51:34 +0000] "GET /stylesheets/style.css HTTP/1.1" 304 - "http://localhost:3000/projects" "Mozilla/5.0 (Macintosh; Intel Mac OS X 10_10_5) AppleWebKit/537.36 (KHTML, like Gecko) Chrome/48.0.2564.103 Safari/537.36"
::1 - - [08/Feb/2016:12:51:34 +0000] "GET /javascripts/browsing.js HTTP/1.1" 304 - "http://localhost:3000/projects" "Mozilla/5.0 (Macintosh; Intel Mac OS X 10_10_5) AppleWebKit/537.36 (KHTML, like Gecko) Chrome/48.0.2564.103 Safari/537.36"
::1 - - [08/Feb/2016:12:51:41 +0000] "GET /projects HTTP/1.1" 500 2489 "-" "Mozilla/5.0 (Macintosh; Intel Mac OS X 10_10_5) AppleWebKit/537.36 (KHTML, like Gecko) Chrome/48.0.2564.103 Safari/537.36"
::1 - - [08/Feb/2016:12:51:41 +0000] "GET /stylesheets/style.css HTTP/1.1" 304 - "http://localhost:3000/projects" "Mozilla/5.0 (Macintosh; Intel Mac OS X 10_10_5) AppleWebKit/537.36 (KHTML, like Gecko) Chrome/48.0.2564.103 Safari/537.36"
::1 - - [08/Feb/2016:12:51:41 +0000] "GET /javascripts/browsing.js HTTP/1.1" 304 - "http://localhost:3000/projects" "Mozilla/5.0 (Macintosh; Intel Mac OS X 10_10_5) AppleWebKit/537.36 (KHTML, like Gecko) Chrome/48.0.2564.103 Safari/537.36"
::1 - - [08/Feb/2016:12:53:03 +0000] "GET /projects HTTP/1.1" 500 2354 "-" "Mozilla/5.0 (Macintosh; Intel Mac OS X 10_10_5) AppleWebKit/537.36 (KHTML, like Gecko) Chrome/48.0.2564.103 Safari/537.36"
::1 - - [08/Feb/2016:12:53:03 +0000] "GET /stylesheets/style.css HTTP/1.1" 304 - "http://localhost:3000/projects" "Mozilla/5.0 (Macintosh; Intel Mac OS X 10_10_5) AppleWebKit/537.36 (KHTML, like Gecko) Chrome/48.0.2564.103 Safari/537.36"
::1 - - [08/Feb/2016:12:53:03 +0000] "GET /javascripts/browsing.js HTTP/1.1" 304 - "http://localhost:3000/projects" "Mozilla/5.0 (Macintosh; Intel Mac OS X 10_10_5) AppleWebKit/537.36 (KHTML, like Gecko) Chrome/48.0.2564.103 Safari/537.36"
::1 - - [08/Feb/2016:13:32:34 +0000] "GET / HTTP/1.1" 304 - "-" "Mozilla/5.0 (Macintosh; Intel Mac OS X 10_10_5) AppleWebKit/537.36 (KHTML, like Gecko) Chrome/48.0.2564.103 Safari/537.36"
::1 - - [08/Feb/2016:13:32:35 +0000] "GET /stylesheets/style.css HTTP/1.1" 304 - "http://localhost:3000/" "Mozilla/5.0 (Macintosh; Intel Mac OS X 10_10_5) AppleWebKit/537.36 (KHTML, like Gecko) Chrome/48.0.2564.103 Safari/537.36"
::1 - - [08/Feb/2016:13:32:35 +0000] "GET /images/name.png HTTP/1.1" 304 - "http://localhost:3000/" "Mozilla/5.0 (Macintosh; Intel Mac OS X 10_10_5) AppleWebKit/537.36 (KHTML, like Gecko) Chrome/48.0.2564.103 Safari/537.36"
::1 - - [08/Feb/2016:13:32:35 +0000] "GET /javascripts/browsing.js HTTP/1.1" 304 - "http://localhost:3000/" "Mozilla/5.0 (Macintosh; Intel Mac OS X 10_10_5) AppleWebKit/537.36 (KHTML, like Gecko) Chrome/48.0.2564.103 Safari/537.36"
::1 - - [08/Feb/2016:13:32:36 +0000] "GET /ab HTTP/1.1" 404 1730 "-" "Mozilla/5.0 (Macintosh; Intel Mac OS X 10_10_5) AppleWebKit/537.36 (KHTML, like Gecko) Chrome/48.0.2564.103 Safari/537.36"
::1 - - [08/Feb/2016:13:32:36 +0000] "GET /stylesheets/style.css HTTP/1.1" 304 - "http://localhost:3000/ab" "Mozilla/5.0 (Macintosh; Intel Mac OS X 10_10_5) AppleWebKit/537.36 (KHTML, like Gecko) Chrome/48.0.2564.103 Safari/537.36"
::1 - - [08/Feb/2016:13:32:36 +0000] "GET /javascripts/browsing.js HTTP/1.1" 304 - "http://localhost:3000/ab" "Mozilla/5.0 (Macintosh; Intel Mac OS X 10_10_5) AppleWebKit/537.36 (KHTML, like Gecko) Chrome/48.0.2564.103 Safari/537.36"
::1 - - [08/Feb/2016:13:32:39 +0000] "GET /about HTTP/1.1" 200 1505 "-" "Mozilla/5.0 (Macintosh; Intel Mac OS X 10_10_5) AppleWebKit/537.36 (KHTML, like Gecko) Chrome/48.0.2564.103 Safari/537.36"
::1 - - [08/Feb/2016:13:32:39 +0000] "GET /stylesheets/style.css HTTP/1.1" 304 - "http://localhost:3000/about" "Mozilla/5.0 (Macintosh; Intel Mac OS X 10_10_5) AppleWebKit/537.36 (KHTML, like Gecko) Chrome/48.0.2564.103 Safari/537.36"
::1 - - [08/Feb/2016:13:32:39 +0000] "GET /javascripts/browsing.js HTTP/1.1" 304 - "http://localhost:3000/about" "Mozilla/5.0 (Macintosh; Intel Mac OS X 10_10_5) AppleWebKit/537.36 (KHTML, like Gecko) Chrome/48.0.2564.103 Safari/537.36"
::1 - - [08/Feb/2016:13:33:11 +0000] "GET /about HTTP/1.1" 500 2260 "-" "Mozilla/5.0 (Macintosh; Intel Mac OS X 10_10_5) AppleWebKit/537.36 (KHTML, like Gecko) Chrome/48.0.2564.103 Safari/537.36"
::1 - - [08/Feb/2016:13:33:11 +0000] "GET /stylesheets/style.css HTTP/1.1" 304 - "http://localhost:3000/about" "Mozilla/5.0 (Macintosh; Intel Mac OS X 10_10_5) AppleWebKit/537.36 (KHTML, like Gecko) Chrome/48.0.2564.103 Safari/537.36"
::1 - - [08/Feb/2016:13:33:11 +0000] "GET /javascripts/browsing.js HTTP/1.1" 304 - "http://localhost:3000/about" "Mozilla/5.0 (Macintosh; Intel Mac OS X 10_10_5) AppleWebKit/537.36 (KHTML, like Gecko) Chrome/48.0.2564.103 Safari/537.36"
::1 - - [08/Feb/2016:13:33:45 +0000] "GET /about HTTP/1.1" 200 1505 "-" "Mozilla/5.0 (Macintosh; Intel Mac OS X 10_10_5) AppleWebKit/537.36 (KHTML, like Gecko) Chrome/48.0.2564.103 Safari/537.36"
::1 - - [08/Feb/2016:13:33:45 +0000] "GET /stylesheets/style.css HTTP/1.1" 200 2061 "http://localhost:3000/about" "Mozilla/5.0 (Macintosh; Intel Mac OS X 10_10_5) AppleWebKit/537.36 (KHTML, like Gecko) Chrome/48.0.2564.103 Safari/537.36"
::1 - - [08/Feb/2016:13:33:45 +0000] "GET /javascripts/browsing.js HTTP/1.1" 304 - "http://localhost:3000/about" "Mozilla/5.0 (Macintosh; Intel Mac OS X 10_10_5) AppleWebKit/537.36 (KHTML, like Gecko) Chrome/48.0.2564.103 Safari/537.36"
::1 - - [08/Feb/2016:13:33:57 +0000] "GET /about HTTP/1.1" 304 - "-" "Mozilla/5.0 (Macintosh; Intel Mac OS X 10_10_5) AppleWebKit/537.36 (KHTML, like Gecko) Chrome/48.0.2564.103 Safari/537.36"
::1 - - [08/Feb/2016:13:33:57 +0000] "GET /javascripts/browsing.js HTTP/1.1" 304 - "http://localhost:3000/about" "Mozilla/5.0 (Macintosh; Intel Mac OS X 10_10_5) AppleWebKit/537.36 (KHTML, like Gecko) Chrome/48.0.2564.103 Safari/537.36"
::1 - - [08/Feb/2016:13:33:57 +0000] "GET /stylesheets/style.css HTTP/1.1" 200 2063 "http://localhost:3000/about" "Mozilla/5.0 (Macintosh; Intel Mac OS X 10_10_5) AppleWebKit/537.36 (KHTML, like Gecko) Chrome/48.0.2564.103 Safari/537.36"
::1 - - [08/Feb/2016:13:34:13 +0000] "GET /about HTTP/1.1" 200 1516 "-" "Mozilla/5.0 (Macintosh; Intel Mac OS X 10_10_5) AppleWebKit/537.36 (KHTML, like Gecko) Chrome/48.0.2564.103 Safari/537.36"
::1 - - [08/Feb/2016:13:34:13 +0000] "GET /stylesheets/style.css HTTP/1.1" 200 2066 "http://localhost:3000/about" "Mozilla/5.0 (Macintosh; Intel Mac OS X 10_10_5) AppleWebKit/537.36 (KHTML, like Gecko) Chrome/48.0.2564.103 Safari/537.36"
::1 - - [08/Feb/2016:13:34:13 +0000] "GET /javascripts/browsing.js HTTP/1.1" 304 - "http://localhost:3000/about" "Mozilla/5.0 (Macintosh; Intel Mac OS X 10_10_5) AppleWebKit/537.36 (KHTML, like Gecko) Chrome/48.0.2564.103 Safari/537.36"
::1 - - [08/Feb/2016:13:34:21 +0000] "GET /about HTTP/1.1" 304 - "-" "Mozilla/5.0 (Macintosh; Intel Mac OS X 10_10_5) AppleWebKit/537.36 (KHTML, like Gecko) Chrome/48.0.2564.103 Safari/537.36"
::1 - - [08/Feb/2016:13:34:21 +0000] "GET /stylesheets/style.css HTTP/1.1" 200 2066 "http://localhost:3000/about" "Mozilla/5.0 (Macintosh; Intel Mac OS X 10_10_5) AppleWebKit/537.36 (KHTML, like Gecko) Chrome/48.0.2564.103 Safari/537.36"
::1 - - [08/Feb/2016:13:34:21 +0000] "GET /javascripts/browsing.js HTTP/1.1" 304 - "http://localhost:3000/about" "Mozilla/5.0 (Macintosh; Intel Mac OS X 10_10_5) AppleWebKit/537.36 (KHTML, like Gecko) Chrome/48.0.2564.103 Safari/537.36"
::1 - - [08/Feb/2016:13:34:40 +0000] "GET /about HTTP/1.1" 304 - "-" "Mozilla/5.0 (Macintosh; Intel Mac OS X 10_10_5) AppleWebKit/537.36 (KHTML, like Gecko) Chrome/48.0.2564.103 Safari/537.36"
::1 - - [08/Feb/2016:13:34:40 +0000] "GET /stylesheets/style.css HTTP/1.1" 200 2066 "http://localhost:3000/about" "Mozilla/5.0 (Macintosh; Intel Mac OS X 10_10_5) AppleWebKit/537.36 (KHTML, like Gecko) Chrome/48.0.2564.103 Safari/537.36"
::1 - - [08/Feb/2016:13:34:40 +0000] "GET /javascripts/browsing.js HTTP/1.1" 304 - "http://localhost:3000/about" "Mozilla/5.0 (Macintosh; Intel Mac OS X 10_10_5) AppleWebKit/537.36 (KHTML, like Gecko) Chrome/48.0.2564.103 Safari/537.36"
::1 - - [08/Feb/2016:13:34:47 +0000] "GET /about HTTP/1.1" 304 - "-" "Mozilla/5.0 (Macintosh; Intel Mac OS X 10_10_5) AppleWebKit/537.36 (KHTML, like Gecko) Chrome/48.0.2564.103 Safari/537.36"
::1 - - [08/Feb/2016:13:34:48 +0000] "GET /stylesheets/style.css HTTP/1.1" 200 2066 "http://localhost:3000/about" "Mozilla/5.0 (Macintosh; Intel Mac OS X 10_10_5) AppleWebKit/537.36 (KHTML, like Gecko) Chrome/48.0.2564.103 Safari/537.36"
::1 - - [08/Feb/2016:13:34:48 +0000] "GET /javascripts/browsing.js HTTP/1.1" 304 - "http://localhost:3000/about" "Mozilla/5.0 (Macintosh; Intel Mac OS X 10_10_5) AppleWebKit/537.36 (KHTML, like Gecko) Chrome/48.0.2564.103 Safari/537.36"
